<?xml version="1.0" encoding="UTF-8"?>
<!-- Generated by org.testng.reporters.JUnitReportReporter -->
<testsuite hostname="iblwdvbhargavi" failures="0" tests="1" name="test.NewTest" time="12.433" errors="0" timestamp="13 Feb 2020 09:19:47 GMT" skipped="0">
  <testcase classname="test.NewTest" name="launch" time="12.433"/>
</testsuite> <!-- test.NewTest -->
